<?xml version="1.0" encoding="UTF-8"?>
<testsuite xmlns:xsi="http://www.w3.org/2001/XMLSchema-instance" xsi:noNamespaceSchemaLocation="https://maven.apache.org/surefire/maven-surefire-plugin/xsd/surefire-test-report.xsd" name="com.codetest.fucheng.phonenumbers.controller.PhoneNumberControllerTest" time="6.376" tests="1" errors="0" skipped="0" failures="0">
  <properties>
    <property name="sun.desktop" value="windows"/>
    <property name="awt.toolkit" value="sun.awt.windows.WToolkit"/>
    <property name="file.encoding.pkg" value="sun.io"/>
    <property name="java.specification.version" value="1.8"/>
    <property name="sun.cpu.isalist" value="amd64"/>
    <property name="sun.jnu.encoding" value="Cp1252"/>
    <property name="java.class.path" value="D:\workspace-code-test\phone-numbers-management\application\target\test-classes;D:\workspace-code-test\phone-numbers-management\application\target\classes;D:\workspace-code-test\phone-numbers-management\specification\target\specification-1.0.0.jar;D:\maven_repository\tam\javax\validation\validation-api\2.0.1.Final\validation-api-2.0.1.Final.jar;D:\maven_repository\tam\io\swagger\swagger-annotations\1.6.2\swagger-annotations-1.6.2.jar;D:\maven_repository\tam\io\swagger\swagger-models\1.6.2\swagger-models-1.6.2.jar;D:\maven_repository\tam\com\fasterxml\jackson\core\jackson-annotations\2.11.1\jackson-annotations-2.11.1.jar;D:\maven_repository\tam\org\springframework\boot\spring-boot-starter-web\2.3.2.RELEASE\spring-boot-starter-web-2.3.2.RELEASE.jar;D:\maven_repository\tam\org\springframework\boot\spring-boot-starter\2.3.2.RELEASE\spring-boot-starter-2.3.2.RELEASE.jar;D:\maven_repository\tam\org\springframework\boot\spring-boot\2.3.2.RELEASE\spring-boot-2.3.2.RELEASE.jar;D:\maven_repository\tam\org\springframework\boot\spring-boot-autoconfigure\2.3.2.RELEASE\spring-boot-autoconfigure-2.3.2.RELEASE.jar;D:\maven_repository\tam\org\springframework\boot\spring-boot-starter-logging\2.3.2.RELEASE\spring-boot-starter-logging-2.3.2.RELEASE.jar;D:\maven_repository\tam\ch\qos\logback\logback-classic\1.2.3\logback-classic-1.2.3.jar;D:\maven_repository\tam\ch\qos\logback\logback-core\1.2.3\logback-core-1.2.3.jar;D:\maven_repository\tam\org\apache\logging\log4j\log4j-to-slf4j\2.13.3\log4j-to-slf4j-2.13.3.jar;D:\maven_repository\tam\org\apache\logging\log4j\log4j-api\2.13.3\log4j-api-2.13.3.jar;D:\maven_repository\tam\org\slf4j\jul-to-slf4j\1.7.30\jul-to-slf4j-1.7.30.jar;D:\maven_repository\tam\jakarta\annotation\jakarta.annotation-api\1.3.5\jakarta.annotation-api-1.3.5.jar;D:\maven_repository\tam\org\yaml\snakeyaml\1.26\snakeyaml-1.26.jar;D:\maven_repository\tam\org\springframework\boot\spring-boot-starter-json\2.3.2.RELEASE\spring-boot-starter-json-2.3.2.RELEASE.jar;D:\maven_repository\tam\com\fasterxml\jackson\core\jackson-databind\2.11.1\jackson-databind-2.11.1.jar;D:\maven_repository\tam\com\fasterxml\jackson\core\jackson-core\2.11.1\jackson-core-2.11.1.jar;D:\maven_repository\tam\com\fasterxml\jackson\datatype\jackson-datatype-jdk8\2.11.1\jackson-datatype-jdk8-2.11.1.jar;D:\maven_repository\tam\com\fasterxml\jackson\datatype\jackson-datatype-jsr310\2.11.1\jackson-datatype-jsr310-2.11.1.jar;D:\maven_repository\tam\com\fasterxml\jackson\module\jackson-module-parameter-names\2.11.1\jackson-module-parameter-names-2.11.1.jar;D:\maven_repository\tam\org\springframework\boot\spring-boot-starter-tomcat\2.3.2.RELEASE\spring-boot-starter-tomcat-2.3.2.RELEASE.jar;D:\maven_repository\tam\org\apache\tomcat\embed\tomcat-embed-core\9.0.37\tomcat-embed-core-9.0.37.jar;D:\maven_repository\tam\org\apache\tomcat\embed\tomcat-embed-websocket\9.0.37\tomcat-embed-websocket-9.0.37.jar;D:\maven_repository\tam\org\springframework\spring-web\5.2.8.RELEASE\spring-web-5.2.8.RELEASE.jar;D:\maven_repository\tam\org\springframework\spring-beans\5.2.8.RELEASE\spring-beans-5.2.8.RELEASE.jar;D:\maven_repository\tam\org\springframework\spring-webmvc\5.2.8.RELEASE\spring-webmvc-5.2.8.RELEASE.jar;D:\maven_repository\tam\org\springframework\spring-aop\5.2.8.RELEASE\spring-aop-5.2.8.RELEASE.jar;D:\maven_repository\tam\org\springframework\spring-context\5.2.8.RELEASE\spring-context-5.2.8.RELEASE.jar;D:\maven_repository\tam\org\springframework\spring-expression\5.2.8.RELEASE\spring-expression-5.2.8.RELEASE.jar;D:\maven_repository\tam\org\springframework\boot\spring-boot-starter-validation\2.3.2.RELEASE\spring-boot-starter-validation-2.3.2.RELEASE.jar;D:\maven_repository\tam\org\glassfish\jakarta.el\3.0.3\jakarta.el-3.0.3.jar;D:\maven_repository\tam\org\hibernate\validator\hibernate-validator\6.1.5.Final\hibernate-validator-6.1.5.Final.jar;D:\maven_repository\tam\jakarta\validation\jakarta.validation-api\2.0.2\jakarta.validation-api-2.0.2.jar;D:\maven_repository\tam\org\jboss\logging\jboss-logging\3.4.1.Final\jboss-logging-3.4.1.Final.jar;D:\maven_repository\tam\org\springframework\boot\spring-boot-starter-test\2.3.2.RELEASE\spring-boot-starter-test-2.3.2.RELEASE.jar;D:\maven_repository\tam\org\springframework\boot\spring-boot-test\2.3.2.RELEASE\spring-boot-test-2.3.2.RELEASE.jar;D:\maven_repository\tam\org\springframework\boot\spring-boot-test-autoconfigure\2.3.2.RELEASE\spring-boot-test-autoconfigure-2.3.2.RELEASE.jar;D:\maven_repository\tam\com\jayway\jsonpath\json-path\2.4.0\json-path-2.4.0.jar;D:\maven_repository\tam\net\minidev\json-smart\2.3\json-smart-2.3.jar;D:\maven_repository\tam\net\minidev\accessors-smart\1.2\accessors-smart-1.2.jar;D:\maven_repository\tam\org\ow2\asm\asm\5.0.4\asm-5.0.4.jar;D:\maven_repository\tam\jakarta\xml\bind\jakarta.xml.bind-api\2.3.3\jakarta.xml.bind-api-2.3.3.jar;D:\maven_repository\tam\jakarta\activation\jakarta.activation-api\1.2.2\jakarta.activation-api-1.2.2.jar;D:\maven_repository\tam\org\assertj\assertj-core\3.16.1\assertj-core-3.16.1.jar;D:\maven_repository\tam\org\hamcrest\hamcrest\2.2\hamcrest-2.2.jar;D:\maven_repository\tam\org\junit\jupiter\junit-jupiter\5.6.2\junit-jupiter-5.6.2.jar;D:\maven_repository\tam\org\junit\jupiter\junit-jupiter-params\5.6.2\junit-jupiter-params-5.6.2.jar;D:\maven_repository\tam\org\junit\vintage\junit-vintage-engine\5.6.2\junit-vintage-engine-5.6.2.jar;D:\maven_repository\tam\junit\junit\4.13\junit-4.13.jar;D:\maven_repository\tam\org\skyscreamer\jsonassert\1.5.0\jsonassert-1.5.0.jar;D:\maven_repository\tam\com\vaadin\external\google\android-json\0.0.20131108.vaadin1\android-json-0.0.20131108.vaadin1.jar;D:\maven_repository\tam\org\springframework\spring-core\5.2.8.RELEASE\spring-core-5.2.8.RELEASE.jar;D:\maven_repository\tam\org\springframework\spring-jcl\5.2.8.RELEASE\spring-jcl-5.2.8.RELEASE.jar;D:\maven_repository\tam\org\springframework\spring-test\5.2.8.RELEASE\spring-test-5.2.8.RELEASE.jar;D:\maven_repository\tam\org\xmlunit\xmlunit-core\2.7.0\xmlunit-core-2.7.0.jar;D:\maven_repository\tam\org\springframework\boot\spring-boot-starter-actuator\2.3.2.RELEASE\spring-boot-starter-actuator-2.3.2.RELEASE.jar;D:\maven_repository\tam\org\springframework\boot\spring-boot-actuator-autoconfigure\2.3.2.RELEASE\spring-boot-actuator-autoconfigure-2.3.2.RELEASE.jar;D:\maven_repository\tam\org\springframework\boot\spring-boot-actuator\2.3.2.RELEASE\spring-boot-actuator-2.3.2.RELEASE.jar;D:\maven_repository\tam\io\micrometer\micrometer-core\1.5.3\micrometer-core-1.5.3.jar;D:\maven_repository\tam\org\hdrhistogram\HdrHistogram\2.1.12\HdrHistogram-2.1.12.jar;D:\maven_repository\tam\org\latencyutils\LatencyUtils\2.0.3\LatencyUtils-2.0.3.jar;D:\maven_repository\tam\org\projectlombok\lombok\1.18.12\lombok-1.18.12.jar;D:\maven_repository\tam\org\apache\commons\commons-lang3\3.5\commons-lang3-3.5.jar;D:\maven_repository\tam\commons-io\commons-io\2.5\commons-io-2.5.jar;D:\maven_repository\tam\io\springfox\springfox-swagger2\3.0.0\springfox-swagger2-3.0.0.jar;D:\maven_repository\tam\io\springfox\springfox-spi\3.0.0\springfox-spi-3.0.0.jar;D:\maven_repository\tam\io\springfox\springfox-core\3.0.0\springfox-core-3.0.0.jar;D:\maven_repository\tam\io\springfox\springfox-schema\3.0.0\springfox-schema-3.0.0.jar;D:\maven_repository\tam\io\springfox\springfox-swagger-common\3.0.0\springfox-swagger-common-3.0.0.jar;D:\maven_repository\tam\io\swagger\core\v3\swagger-annotations\2.1.2\swagger-annotations-2.1.2.jar;D:\maven_repository\tam\io\springfox\springfox-spring-web\3.0.0\springfox-spring-web-3.0.0.jar;D:\maven_repository\tam\io\github\classgraph\classgraph\4.8.83\classgraph-4.8.83.jar;D:\maven_repository\tam\io\springfox\springfox-spring-webmvc\3.0.0\springfox-spring-webmvc-3.0.0.jar;D:\maven_repository\tam\io\springfox\springfox-spring-webflux\3.0.0\springfox-spring-webflux-3.0.0.jar;D:\maven_repository\tam\com\fasterxml\classmate\1.5.1\classmate-1.5.1.jar;D:\maven_repository\tam\org\slf4j\slf4j-api\1.7.30\slf4j-api-1.7.30.jar;D:\maven_repository\tam\org\springframework\plugin\spring-plugin-core\2.0.0.RELEASE\spring-plugin-core-2.0.0.RELEASE.jar;D:\maven_repository\tam\org\springframework\plugin\spring-plugin-metadata\2.0.0.RELEASE\spring-plugin-metadata-2.0.0.RELEASE.jar;D:\maven_repository\tam\io\springfox\springfox-boot-starter\3.0.0\springfox-boot-starter-3.0.0.jar;D:\maven_repository\tam\io\springfox\springfox-oas\3.0.0\springfox-oas-3.0.0.jar;D:\maven_repository\tam\io\swagger\core\v3\swagger-models\2.1.2\swagger-models-2.1.2.jar;D:\maven_repository\tam\io\springfox\springfox-data-rest\3.0.0\springfox-data-rest-3.0.0.jar;D:\maven_repository\tam\io\springfox\springfox-bean-validators\3.0.0\springfox-bean-validators-3.0.0.jar;D:\maven_repository\tam\io\springfox\springfox-swagger-ui\3.0.0\springfox-swagger-ui-3.0.0.jar;D:\maven_repository\tam\org\junit\jupiter\junit-jupiter-engine\5.6.3\junit-jupiter-engine-5.6.3.jar;D:\maven_repository\tam\org\apiguardian\apiguardian-api\1.1.0\apiguardian-api-1.1.0.jar;D:\maven_repository\tam\org\junit\platform\junit-platform-engine\1.6.2\junit-platform-engine-1.6.2.jar;D:\maven_repository\tam\org\opentest4j\opentest4j\1.2.0\opentest4j-1.2.0.jar;D:\maven_repository\tam\org\junit\platform\junit-platform-commons\1.6.2\junit-platform-commons-1.6.2.jar;D:\maven_repository\tam\org\junit\jupiter\junit-jupiter-api\5.6.2\junit-jupiter-api-5.6.2.jar;D:\maven_repository\tam\org\mockito\mockito-junit-jupiter\3.7.7\mockito-junit-jupiter-3.7.7.jar;D:\maven_repository\tam\org\mockito\mockito-core\3.6.0\mockito-core-3.6.0.jar;D:\maven_repository\tam\net\bytebuddy\byte-buddy\1.10.13\byte-buddy-1.10.13.jar;D:\maven_repository\tam\net\bytebuddy\byte-buddy-agent\1.10.13\byte-buddy-agent-1.10.13.jar;D:\maven_repository\tam\org\objenesis\objenesis\3.1\objenesis-3.1.jar;D:\maven_repository\tam\com\h2database\h2\1.4.200\h2-1.4.200.jar;D:\maven_repository\tam\mysql\mysql-connector-java\8.0.21\mysql-connector-java-8.0.21.jar;D:\maven_repository\tam\org\springframework\boot\spring-boot-starter-data-jpa\2.3.2.RELEASE\spring-boot-starter-data-jpa-2.3.2.RELEASE.jar;D:\maven_repository\tam\org\springframework\boot\spring-boot-starter-aop\2.3.2.RELEASE\spring-boot-starter-aop-2.3.2.RELEASE.jar;D:\maven_repository\tam\org\aspectj\aspectjweaver\1.9.6\aspectjweaver-1.9.6.jar;D:\maven_repository\tam\org\springframework\boot\spring-boot-starter-jdbc\2.3.2.RELEASE\spring-boot-starter-jdbc-2.3.2.RELEASE.jar;D:\maven_repository\tam\com\zaxxer\HikariCP\3.4.5\HikariCP-3.4.5.jar;D:\maven_repository\tam\org\springframework\spring-jdbc\5.2.8.RELEASE\spring-jdbc-5.2.8.RELEASE.jar;D:\maven_repository\tam\jakarta\transaction\jakarta.transaction-api\1.3.3\jakarta.transaction-api-1.3.3.jar;D:\maven_repository\tam\jakarta\persistence\jakarta.persistence-api\2.2.3\jakarta.persistence-api-2.2.3.jar;D:\maven_repository\tam\org\hibernate\hibernate-core\5.4.18.Final\hibernate-core-5.4.18.Final.jar;D:\maven_repository\tam\org\javassist\javassist\3.24.0-GA\javassist-3.24.0-GA.jar;D:\maven_repository\tam\antlr\antlr\2.7.7\antlr-2.7.7.jar;D:\maven_repository\tam\org\jboss\jandex\2.1.3.Final\jandex-2.1.3.Final.jar;D:\maven_repository\tam\org\dom4j\dom4j\2.1.3\dom4j-2.1.3.jar;D:\maven_repository\tam\org\hibernate\common\hibernate-commons-annotations\5.1.0.Final\hibernate-commons-annotations-5.1.0.Final.jar;D:\maven_repository\tam\org\glassfish\jaxb\jaxb-runtime\2.3.3\jaxb-runtime-2.3.3.jar;D:\maven_repository\tam\org\glassfish\jaxb\txw2\2.3.3\txw2-2.3.3.jar;D:\maven_repository\tam\com\sun\istack\istack-commons-runtime\3.0.11\istack-commons-runtime-3.0.11.jar;D:\maven_repository\tam\com\sun\activation\jakarta.activation\1.2.2\jakarta.activation-1.2.2.jar;D:\maven_repository\tam\org\springframework\data\spring-data-jpa\2.3.2.RELEASE\spring-data-jpa-2.3.2.RELEASE.jar;D:\maven_repository\tam\org\springframework\data\spring-data-commons\2.3.2.RELEASE\spring-data-commons-2.3.2.RELEASE.jar;D:\maven_repository\tam\org\springframework\spring-orm\5.2.8.RELEASE\spring-orm-5.2.8.RELEASE.jar;D:\maven_repository\tam\org\springframework\spring-tx\5.2.8.RELEASE\spring-tx-5.2.8.RELEASE.jar;D:\maven_repository\tam\org\springframework\spring-aspects\5.2.8.RELEASE\spring-aspects-5.2.8.RELEASE.jar;D:\maven_repository\tam\org\mapstruct\mapstruct\1.4.1.Final\mapstruct-1.4.1.Final.jar;D:\maven_repository\tam\org\mapstruct\mapstruct-processor\1.4.1.Final\mapstruct-processor-1.4.1.Final.jar;"/>
    <property name="java.vm.vendor" value="Oracle Corporation"/>
    <property name="sun.arch.data.model" value="64"/>
    <property name="user.variant" value=""/>
    <property name="java.vendor.url" value="http://java.oracle.com/"/>
    <property name="user.timezone" value="Australia/Sydney"/>
    <property name="java.vm.specification.version" value="1.8"/>
    <property name="os.name" value="Windows 10"/>
    <property name="user.country" value="AU"/>
    <property name="sun.java.launcher" value="SUN_STANDARD"/>
    <property name="sun.boot.library.path" value="D:\Java\jdk1.8.0_202\jre\bin"/>
    <property name="sun.java.command" value="C:\Users\Fucheng\AppData\Local\Temp\surefire6919041102288282611\surefirebooter7686805496566780547.jar C:\Users\Fucheng\AppData\Local\Temp\surefire6919041102288282611 2022-01-21T13-32-10_627-jvmRun1 surefire4254692889293272725tmp surefire_03091591864976711307tmp"/>
    <property name="surefire.test.class.path" value="D:\workspace-code-test\phone-numbers-management\application\target\test-classes;D:\workspace-code-test\phone-numbers-management\application\target\classes;D:\workspace-code-test\phone-numbers-management\specification\target\specification-1.0.0.jar;D:\maven_repository\tam\javax\validation\validation-api\2.0.1.Final\validation-api-2.0.1.Final.jar;D:\maven_repository\tam\io\swagger\swagger-annotations\1.6.2\swagger-annotations-1.6.2.jar;D:\maven_repository\tam\io\swagger\swagger-models\1.6.2\swagger-models-1.6.2.jar;D:\maven_repository\tam\com\fasterxml\jackson\core\jackson-annotations\2.11.1\jackson-annotations-2.11.1.jar;D:\maven_repository\tam\org\springframework\boot\spring-boot-starter-web\2.3.2.RELEASE\spring-boot-starter-web-2.3.2.RELEASE.jar;D:\maven_repository\tam\org\springframework\boot\spring-boot-starter\2.3.2.RELEASE\spring-boot-starter-2.3.2.RELEASE.jar;D:\maven_repository\tam\org\springframework\boot\spring-boot\2.3.2.RELEASE\spring-boot-2.3.2.RELEASE.jar;D:\maven_repository\tam\org\springframework\boot\spring-boot-autoconfigure\2.3.2.RELEASE\spring-boot-autoconfigure-2.3.2.RELEASE.jar;D:\maven_repository\tam\org\springframework\boot\spring-boot-starter-logging\2.3.2.RELEASE\spring-boot-starter-logging-2.3.2.RELEASE.jar;D:\maven_repository\tam\ch\qos\logback\logback-classic\1.2.3\logback-classic-1.2.3.jar;D:\maven_repository\tam\ch\qos\logback\logback-core\1.2.3\logback-core-1.2.3.jar;D:\maven_repository\tam\org\apache\logging\log4j\log4j-to-slf4j\2.13.3\log4j-to-slf4j-2.13.3.jar;D:\maven_repository\tam\org\apache\logging\log4j\log4j-api\2.13.3\log4j-api-2.13.3.jar;D:\maven_repository\tam\org\slf4j\jul-to-slf4j\1.7.30\jul-to-slf4j-1.7.30.jar;D:\maven_repository\tam\jakarta\annotation\jakarta.annotation-api\1.3.5\jakarta.annotation-api-1.3.5.jar;D:\maven_repository\tam\org\yaml\snakeyaml\1.26\snakeyaml-1.26.jar;D:\maven_repository\tam\org\springframework\boot\spring-boot-starter-json\2.3.2.RELEASE\spring-boot-starter-json-2.3.2.RELEASE.jar;D:\maven_repository\tam\com\fasterxml\jackson\core\jackson-databind\2.11.1\jackson-databind-2.11.1.jar;D:\maven_repository\tam\com\fasterxml\jackson\core\jackson-core\2.11.1\jackson-core-2.11.1.jar;D:\maven_repository\tam\com\fasterxml\jackson\datatype\jackson-datatype-jdk8\2.11.1\jackson-datatype-jdk8-2.11.1.jar;D:\maven_repository\tam\com\fasterxml\jackson\datatype\jackson-datatype-jsr310\2.11.1\jackson-datatype-jsr310-2.11.1.jar;D:\maven_repository\tam\com\fasterxml\jackson\module\jackson-module-parameter-names\2.11.1\jackson-module-parameter-names-2.11.1.jar;D:\maven_repository\tam\org\springframework\boot\spring-boot-starter-tomcat\2.3.2.RELEASE\spring-boot-starter-tomcat-2.3.2.RELEASE.jar;D:\maven_repository\tam\org\apache\tomcat\embed\tomcat-embed-core\9.0.37\tomcat-embed-core-9.0.37.jar;D:\maven_repository\tam\org\apache\tomcat\embed\tomcat-embed-websocket\9.0.37\tomcat-embed-websocket-9.0.37.jar;D:\maven_repository\tam\org\springframework\spring-web\5.2.8.RELEASE\spring-web-5.2.8.RELEASE.jar;D:\maven_repository\tam\org\springframework\spring-beans\5.2.8.RELEASE\spring-beans-5.2.8.RELEASE.jar;D:\maven_repository\tam\org\springframework\spring-webmvc\5.2.8.RELEASE\spring-webmvc-5.2.8.RELEASE.jar;D:\maven_repository\tam\org\springframework\spring-aop\5.2.8.RELEASE\spring-aop-5.2.8.RELEASE.jar;D:\maven_repository\tam\org\springframework\spring-context\5.2.8.RELEASE\spring-context-5.2.8.RELEASE.jar;D:\maven_repository\tam\org\springframework\spring-expression\5.2.8.RELEASE\spring-expression-5.2.8.RELEASE.jar;D:\maven_repository\tam\org\springframework\boot\spring-boot-starter-validation\2.3.2.RELEASE\spring-boot-starter-validation-2.3.2.RELEASE.jar;D:\maven_repository\tam\org\glassfish\jakarta.el\3.0.3\jakarta.el-3.0.3.jar;D:\maven_repository\tam\org\hibernate\validator\hibernate-validator\6.1.5.Final\hibernate-validator-6.1.5.Final.jar;D:\maven_repository\tam\jakarta\validation\jakarta.validation-api\2.0.2\jakarta.validation-api-2.0.2.jar;D:\maven_repository\tam\org\jboss\logging\jboss-logging\3.4.1.Final\jboss-logging-3.4.1.Final.jar;D:\maven_repository\tam\org\springframework\boot\spring-boot-starter-test\2.3.2.RELEASE\spring-boot-starter-test-2.3.2.RELEASE.jar;D:\maven_repository\tam\org\springframework\boot\spring-boot-test\2.3.2.RELEASE\spring-boot-test-2.3.2.RELEASE.jar;D:\maven_repository\tam\org\springframework\boot\spring-boot-test-autoconfigure\2.3.2.RELEASE\spring-boot-test-autoconfigure-2.3.2.RELEASE.jar;D:\maven_repository\tam\com\jayway\jsonpath\json-path\2.4.0\json-path-2.4.0.jar;D:\maven_repository\tam\net\minidev\json-smart\2.3\json-smart-2.3.jar;D:\maven_repository\tam\net\minidev\accessors-smart\1.2\accessors-smart-1.2.jar;D:\maven_repository\tam\org\ow2\asm\asm\5.0.4\asm-5.0.4.jar;D:\maven_repository\tam\jakarta\xml\bind\jakarta.xml.bind-api\2.3.3\jakarta.xml.bind-api-2.3.3.jar;D:\maven_repository\tam\jakarta\activation\jakarta.activation-api\1.2.2\jakarta.activation-api-1.2.2.jar;D:\maven_repository\tam\org\assertj\assertj-core\3.16.1\assertj-core-3.16.1.jar;D:\maven_repository\tam\org\hamcrest\hamcrest\2.2\hamcrest-2.2.jar;D:\maven_repository\tam\org\junit\jupiter\junit-jupiter\5.6.2\junit-jupiter-5.6.2.jar;D:\maven_repository\tam\org\junit\jupiter\junit-jupiter-params\5.6.2\junit-jupiter-params-5.6.2.jar;D:\maven_repository\tam\org\junit\vintage\junit-vintage-engine\5.6.2\junit-vintage-engine-5.6.2.jar;D:\maven_repository\tam\junit\junit\4.13\junit-4.13.jar;D:\maven_repository\tam\org\skyscreamer\jsonassert\1.5.0\jsonassert-1.5.0.jar;D:\maven_repository\tam\com\vaadin\external\google\android-json\0.0.20131108.vaadin1\android-json-0.0.20131108.vaadin1.jar;D:\maven_repository\tam\org\springframework\spring-core\5.2.8.RELEASE\spring-core-5.2.8.RELEASE.jar;D:\maven_repository\tam\org\springframework\spring-jcl\5.2.8.RELEASE\spring-jcl-5.2.8.RELEASE.jar;D:\maven_repository\tam\org\springframework\spring-test\5.2.8.RELEASE\spring-test-5.2.8.RELEASE.jar;D:\maven_repository\tam\org\xmlunit\xmlunit-core\2.7.0\xmlunit-core-2.7.0.jar;D:\maven_repository\tam\org\springframework\boot\spring-boot-starter-actuator\2.3.2.RELEASE\spring-boot-starter-actuator-2.3.2.RELEASE.jar;D:\maven_repository\tam\org\springframework\boot\spring-boot-actuator-autoconfigure\2.3.2.RELEASE\spring-boot-actuator-autoconfigure-2.3.2.RELEASE.jar;D:\maven_repository\tam\org\springframework\boot\spring-boot-actuator\2.3.2.RELEASE\spring-boot-actuator-2.3.2.RELEASE.jar;D:\maven_repository\tam\io\micrometer\micrometer-core\1.5.3\micrometer-core-1.5.3.jar;D:\maven_repository\tam\org\hdrhistogram\HdrHistogram\2.1.12\HdrHistogram-2.1.12.jar;D:\maven_repository\tam\org\latencyutils\LatencyUtils\2.0.3\LatencyUtils-2.0.3.jar;D:\maven_repository\tam\org\projectlombok\lombok\1.18.12\lombok-1.18.12.jar;D:\maven_repository\tam\org\apache\commons\commons-lang3\3.5\commons-lang3-3.5.jar;D:\maven_repository\tam\commons-io\commons-io\2.5\commons-io-2.5.jar;D:\maven_repository\tam\io\springfox\springfox-swagger2\3.0.0\springfox-swagger2-3.0.0.jar;D:\maven_repository\tam\io\springfox\springfox-spi\3.0.0\springfox-spi-3.0.0.jar;D:\maven_repository\tam\io\springfox\springfox-core\3.0.0\springfox-core-3.0.0.jar;D:\maven_repository\tam\io\springfox\springfox-schema\3.0.0\springfox-schema-3.0.0.jar;D:\maven_repository\tam\io\springfox\springfox-swagger-common\3.0.0\springfox-swagger-common-3.0.0.jar;D:\maven_repository\tam\io\swagger\core\v3\swagger-annotations\2.1.2\swagger-annotations-2.1.2.jar;D:\maven_repository\tam\io\springfox\springfox-spring-web\3.0.0\springfox-spring-web-3.0.0.jar;D:\maven_repository\tam\io\github\classgraph\classgraph\4.8.83\classgraph-4.8.83.jar;D:\maven_repository\tam\io\springfox\springfox-spring-webmvc\3.0.0\springfox-spring-webmvc-3.0.0.jar;D:\maven_repository\tam\io\springfox\springfox-spring-webflux\3.0.0\springfox-spring-webflux-3.0.0.jar;D:\maven_repository\tam\com\fasterxml\classmate\1.5.1\classmate-1.5.1.jar;D:\maven_repository\tam\org\slf4j\slf4j-api\1.7.30\slf4j-api-1.7.30.jar;D:\maven_repository\tam\org\springframework\plugin\spring-plugin-core\2.0.0.RELEASE\spring-plugin-core-2.0.0.RELEASE.jar;D:\maven_repository\tam\org\springframework\plugin\spring-plugin-metadata\2.0.0.RELEASE\spring-plugin-metadata-2.0.0.RELEASE.jar;D:\maven_repository\tam\io\springfox\springfox-boot-starter\3.0.0\springfox-boot-starter-3.0.0.jar;D:\maven_repository\tam\io\springfox\springfox-oas\3.0.0\springfox-oas-3.0.0.jar;D:\maven_repository\tam\io\swagger\core\v3\swagger-models\2.1.2\swagger-models-2.1.2.jar;D:\maven_repository\tam\io\springfox\springfox-data-rest\3.0.0\springfox-data-rest-3.0.0.jar;D:\maven_repository\tam\io\springfox\springfox-bean-validators\3.0.0\springfox-bean-validators-3.0.0.jar;D:\maven_repository\tam\io\springfox\springfox-swagger-ui\3.0.0\springfox-swagger-ui-3.0.0.jar;D:\maven_repository\tam\org\junit\jupiter\junit-jupiter-engine\5.6.3\junit-jupiter-engine-5.6.3.jar;D:\maven_repository\tam\org\apiguardian\apiguardian-api\1.1.0\apiguardian-api-1.1.0.jar;D:\maven_repository\tam\org\junit\platform\junit-platform-engine\1.6.2\junit-platform-engine-1.6.2.jar;D:\maven_repository\tam\org\opentest4j\opentest4j\1.2.0\opentest4j-1.2.0.jar;D:\maven_repository\tam\org\junit\platform\junit-platform-commons\1.6.2\junit-platform-commons-1.6.2.jar;D:\maven_repository\tam\org\junit\jupiter\junit-jupiter-api\5.6.2\junit-jupiter-api-5.6.2.jar;D:\maven_repository\tam\org\mockito\mockito-junit-jupiter\3.7.7\mockito-junit-jupiter-3.7.7.jar;D:\maven_repository\tam\org\mockito\mockito-core\3.6.0\mockito-core-3.6.0.jar;D:\maven_repository\tam\net\bytebuddy\byte-buddy\1.10.13\byte-buddy-1.10.13.jar;D:\maven_repository\tam\net\bytebuddy\byte-buddy-agent\1.10.13\byte-buddy-agent-1.10.13.jar;D:\maven_repository\tam\org\objenesis\objenesis\3.1\objenesis-3.1.jar;D:\maven_repository\tam\com\h2database\h2\1.4.200\h2-1.4.200.jar;D:\maven_repository\tam\mysql\mysql-connector-java\8.0.21\mysql-connector-java-8.0.21.jar;D:\maven_repository\tam\org\springframework\boot\spring-boot-starter-data-jpa\2.3.2.RELEASE\spring-boot-starter-data-jpa-2.3.2.RELEASE.jar;D:\maven_repository\tam\org\springframework\boot\spring-boot-starter-aop\2.3.2.RELEASE\spring-boot-starter-aop-2.3.2.RELEASE.jar;D:\maven_repository\tam\org\aspectj\aspectjweaver\1.9.6\aspectjweaver-1.9.6.jar;D:\maven_repository\tam\org\springframework\boot\spring-boot-starter-jdbc\2.3.2.RELEASE\spring-boot-starter-jdbc-2.3.2.RELEASE.jar;D:\maven_repository\tam\com\zaxxer\HikariCP\3.4.5\HikariCP-3.4.5.jar;D:\maven_repository\tam\org\springframework\spring-jdbc\5.2.8.RELEASE\spring-jdbc-5.2.8.RELEASE.jar;D:\maven_repository\tam\jakarta\transaction\jakarta.transaction-api\1.3.3\jakarta.transaction-api-1.3.3.jar;D:\maven_repository\tam\jakarta\persistence\jakarta.persistence-api\2.2.3\jakarta.persistence-api-2.2.3.jar;D:\maven_repository\tam\org\hibernate\hibernate-core\5.4.18.Final\hibernate-core-5.4.18.Final.jar;D:\maven_repository\tam\org\javassist\javassist\3.24.0-GA\javassist-3.24.0-GA.jar;D:\maven_repository\tam\antlr\antlr\2.7.7\antlr-2.7.7.jar;D:\maven_repository\tam\org\jboss\jandex\2.1.3.Final\jandex-2.1.3.Final.jar;D:\maven_repository\tam\org\dom4j\dom4j\2.1.3\dom4j-2.1.3.jar;D:\maven_repository\tam\org\hibernate\common\hibernate-commons-annotations\5.1.0.Final\hibernate-commons-annotations-5.1.0.Final.jar;D:\maven_repository\tam\org\glassfish\jaxb\jaxb-runtime\2.3.3\jaxb-runtime-2.3.3.jar;D:\maven_repository\tam\org\glassfish\jaxb\txw2\2.3.3\txw2-2.3.3.jar;D:\maven_repository\tam\com\sun\istack\istack-commons-runtime\3.0.11\istack-commons-runtime-3.0.11.jar;D:\maven_repository\tam\com\sun\activation\jakarta.activation\1.2.2\jakarta.activation-1.2.2.jar;D:\maven_repository\tam\org\springframework\data\spring-data-jpa\2.3.2.RELEASE\spring-data-jpa-2.3.2.RELEASE.jar;D:\maven_repository\tam\org\springframework\data\spring-data-commons\2.3.2.RELEASE\spring-data-commons-2.3.2.RELEASE.jar;D:\maven_repository\tam\org\springframework\spring-orm\5.2.8.RELEASE\spring-orm-5.2.8.RELEASE.jar;D:\maven_repository\tam\org\springframework\spring-tx\5.2.8.RELEASE\spring-tx-5.2.8.RELEASE.jar;D:\maven_repository\tam\org\springframework\spring-aspects\5.2.8.RELEASE\spring-aspects-5.2.8.RELEASE.jar;D:\maven_repository\tam\org\mapstruct\mapstruct\1.4.1.Final\mapstruct-1.4.1.Final.jar;D:\maven_repository\tam\org\mapstruct\mapstruct-processor\1.4.1.Final\mapstruct-processor-1.4.1.Final.jar;"/>
    <property name="sun.cpu.endian" value="little"/>
    <property name="user.home" value="C:\Users\Fucheng"/>
    <property name="user.language" value="en"/>
    <property name="java.specification.vendor" value="Oracle Corporation"/>
    <property name="java.home" value="D:\Java\jdk1.8.0_202\jre"/>
    <property name="basedir" value="D:\workspace-code-test\phone-numbers-management\application"/>
    <property name="file.separator" value="\"/>
    <property name="line.separator" value="&#10;"/>
    <property name="java.vm.specification.vendor" value="Oracle Corporation"/>
    <property name="java.specification.name" value="Java Platform API Specification"/>
    <property name="java.awt.graphicsenv" value="sun.awt.Win32GraphicsEnvironment"/>
    <property name="surefire.real.class.path" value="C:\Users\Fucheng\AppData\Local\Temp\surefire6919041102288282611\surefirebooter7686805496566780547.jar"/>
    <property name="sun.boot.class.path" value="D:\Java\jdk1.8.0_202\jre\lib\resources.jar;D:\Java\jdk1.8.0_202\jre\lib\rt.jar;D:\Java\jdk1.8.0_202\jre\lib\sunrsasign.jar;D:\Java\jdk1.8.0_202\jre\lib\jsse.jar;D:\Java\jdk1.8.0_202\jre\lib\jce.jar;D:\Java\jdk1.8.0_202\jre\lib\charsets.jar;D:\Java\jdk1.8.0_202\jre\lib\jfr.jar;D:\Java\jdk1.8.0_202\jre\classes"/>
    <property name="user.script" value=""/>
    <property name="sun.management.compiler" value="HotSpot 64-Bit Tiered Compilers"/>
    <property name="java.runtime.version" value="1.8.0_202-b08"/>
    <property name="user.name" value="Fucheng"/>
    <property name="path.separator" value=";"/>
    <property name="os.version" value="10.0"/>
    <property name="java.endorsed.dirs" value="D:\Java\jdk1.8.0_202\jre\lib\endorsed"/>
    <property name="java.runtime.name" value="Java(TM) SE Runtime Environment"/>
    <property name="file.encoding" value="Cp1252"/>
    <property name="java.vm.name" value="Java HotSpot(TM) 64-Bit Server VM"/>
    <property name="localRepository" value="D:\maven_repository\tam"/>
    <property name="java.vendor.url.bug" value="http://bugreport.sun.com/bugreport/"/>
    <property name="java.io.tmpdir" value="C:\Users\Fucheng\AppData\Local\Temp\"/>
    <property name="java.version" value="1.8.0_202"/>
    <property name="user.dir" value="D:\workspace-code-test\phone-numbers-management\application"/>
    <property name="os.arch" value="amd64"/>
    <property name="java.vm.specification.name" value="Java Virtual Machine Specification"/>
    <property name="java.awt.printerjob" value="sun.awt.windows.WPrinterJob"/>
    <property name="sun.os.patch.level" value=""/>
    <property name="java.library.path" value="D:\Java\jdk1.8.0_202\jre\bin;C:\WINDOWS\Sun\Java\bin;C:\WINDOWS\system32;C:\WINDOWS;C:\Users\Fucheng\bin;C:\Program Files\Git\mingw64\bin;C:\Program Files\Git\usr\local\bin;C:\Program Files\Git\usr\bin;C:\Program Files\Git\usr\bin;C:\Program Files\Git\mingw64\bin;C:\Program Files\Git\usr\bin;C:\Users\Fucheng\bin;C:\Program Files\Common Files\Oracle\Java\javapath;C:\Python38\Scripts;C:\Python38;C:\Program Files (x86)\Common Files\Oracle\Java\javapath;C:\Windows\system32;C:\Windows;C:\Windows\System32\Wbem;C:\Windows\System32\WindowsPowerShell\v1.0;C:\Windows\System32\OpenSSH;C:\Program Files\Git\cmd;D:\Java\jdk-11.0.13\bin;D:\Git\bin;D:\apache-maven-tam\bin;C:\Program Files\Amazon\AWSCLIV2DevPreview;C:\Users\Fucheng\AppData\Local\Programs\Python\Python38-32\Scripts;C:\Users\Fucheng\AppData\Local\Programs\Python\Python38-32;C:\Users\Fucheng\AppData\Local\Programs\Python\Python37\Scripts;C:\Users\Fucheng\AppData\Local\Programs\Python\Python37;C:\Users\Fucheng\AppData\Local\Microsoft\WindowsApps;D:\Program Files\Docker Toolbox;D:\JetBrains\IntelliJ IDEA 2019.1.2\bin;D:\IntelliJ IDEA Community Edition 2019.1.3\bin;D:\Microsoft VS Code\bin;C:\Users\Fucheng\AppData\Roam;C:\WINDOWS\system32;C:\WINDOWS;C:\WINDOWS\System32\Wbem;C:\WINDOWS\System32\WindowsPowerShell\v1.0;C:\WINDOWS\System32\OpenSSH;C:\Program Files\Intel\WiFi\bin;C:\Program Files\Common Files\Intel\WirelessCommon;D:\nodejs;C:\ProgramData\chocolatey\bin;D:\AWS\CICD\EKS;$env;chocolateyUseWindowsCompression;&apos;true&apos;;C:\Program Files\Microsoft SQL Server\140\Tools\Binn;C:\Program Files\Docker\Docker\resources\bin;C:\ProgramData\DockerDesktop\version-bin;D:\confluent-6.2.0\bin;D:\Gradle\gradle-7.3\bin;C:\Program Files (x86)\Intel\Intel(R) Management Engine Components\DAL;C:\Program Files\Intel\Intel(R) Management Engine Components\DAL;C:\Users\Fucheng\AppData\Local\Programs\Python\Python38-32\Scripts;C:\Users\Fucheng\AppData\Local\Programs\Python\Python38-32;C:\Users\Fucheng\AppData\Local\Programs\Python\Python37\Scripts;C:\Users\Fucheng\AppData\Local\Programs\Python\Python37;C:\Users\Fucheng\AppData\Local\Microsoft\WindowsApps;D:\JetBrains\IntelliJ IDEA 2019.1.2\bin;D:\IntelliJ IDEA Community Edition 2019.1.3\bin;D:\Microsoft VS Code\bin;C:\Users\Fucheng\AppData\Roaming\npm;D:\AWS\CICD\packer_1.6.2;C:\Program Files\Git\usr\bin\vendor_perl;C:\Program Files\Git\usr\bin\core_perl;."/>
    <property name="java.vm.info" value="mixed mode"/>
    <property name="java.vendor" value="Oracle Corporation"/>
    <property name="java.vm.version" value="25.202-b08"/>
    <property name="java.ext.dirs" value="D:\Java\jdk1.8.0_202\jre\lib\ext;C:\WINDOWS\Sun\Java\lib\ext"/>
    <property name="sun.io.unicode.encoding" value="UnicodeLittle"/>
    <property name="java.class.version" value="52.0"/>
  </properties>
  <testcase name="testGetAllPhoneNumber" classname="com.codetest.fucheng.phonenumbers.controller.PhoneNumberControllerTest" time="0.625"/>
</testsuite>